<?xml version='1.0' encoding='UTF-8'?>
<testsuite hostname="potato" name="OptionsTest" tests="8" errors="0" failures="0" skipped="0" time="0.014" timestamp="2021-12-18T15:50:31">
                     <properties>
      <property name="awt.toolkit" value="sun.awt.X11.XToolkit"/><property name="java.specification.version" value="11"/><property name="sun.jnu.encoding" value="UTF-8"/><property name="sun.arch.data.model" value="64"/><property name="com.ibm.vm.bitmode" value="64"/><property name="java.vendor.url" value="https://adoptopenjdk.net/"/><property name="sun.boot.library.path" value="/home/jofla/.sdkman/candidates/java/11.0.11.j9-adpt/lib/default:/home/jofla/.sdkman/candidates/java/11.0.11.j9-adpt/lib"/><property name="sun.java.command" value="/home/jofla/.sdkman/candidates/sbt/1.5.5/bin/sbt-launch.jar test"/><property name="java.specification.vendor" value="Oracle Corporation"/><property name="java.version.date" value="2021-04-20"/><property name="java.home" value="/home/jofla/.sdkman/candidates/java/11.0.11.j9-adpt"/><property name="ibm.signalhandling.rs" value="false"/><property name="jdk.extensions.name" value="Extensions for OpenJDK for Eclipse OpenJ9"/><property name="file.separator" value="/"/><property name="line.separator" value="
"/><property name="java.specification.name" value="Java Platform API Specification"/><property name="java.vm.specification.vendor" value="Oracle Corporation"/><property name="sun.java.launcher.pid" value="30241"/><property name="java.awt.fonts" value=""/><property name="java.fullversion" value="11.0.11+9
JRE 11 Linux amd64-64-Bit Compressed References 20210421_975 (JIT enabled, AOT enabled)
OpenJ9   - b4cc246d9
OMR      - 162e6f729
JCL      - 7796c80419 based on jdk-11.0.11+9"/><property name="java.runtime.version" value="11.0.11+9"/><property name="user.name" value="jofla"/><property name="log4j.ignoreTCL" value="true"/><property name="file.encoding" value="UTF-8"/><property name="java.vendor.version" value="AdoptOpenJDK-11.0.11+9"/><property name="ibm.signalhandling.sigchain" value="true"/><property name="java.io.tmpdir" value="/tmp"/><property name="java.version" value="11.0.11"/><property name="com.ibm.system.agent.path" value="/home/jofla/.sdkman/candidates/java/11.0.11.j9-adpt/lib"/><property name="java.vm.specification.name" value="Java Virtual Machine Specification"/><property name="java.awt.printerjob" value="sun.print.PSPrinterJob"/><property name="os.encoding" value="UTF-8"/><property name="java.library.path" value="/home/jofla/.sdkman/candidates/java/11.0.11.j9-adpt/lib/default:/home/jofla/.sdkman/candidates/java/11.0.11.j9-adpt/lib:/usr/lib64:/usr/lib"/><property name="java.vendor" value="AdoptOpenJDK"/><property name="ibm.system.encoding" value="UTF-8"/><property name="scala.ext.dirs" value="/home/jofla/.sbt/1.0/java9-rt-ext-adoptopenjdk_11_0_11"/><property name="sun.io.unicode.encoding" value="UnicodeLittle"/><property name="sun.desktop" value="gnome"/><property name="file.encoding.pkg" value="sun.io"/><property name="jdk.extensions.version" value="11.0.11.0"/><property name="java.class.path" value="/home/jofla/.sdkman/candidates/sbt/1.5.5/bin/sbt-launch.jar"/><property name="java.vm.vendor" value="Eclipse OpenJ9"/><property name="user.variant" value=""/><property name="com.ibm.oti.vm.library.version" value="29"/><property name="jline.shutdownhook" value="false"/><property name="user.timezone" value="America/Santiago"/><property name="java.vm.specification.version" value="11"/><property name="os.name" value="Linux"/><property name="sun.java.launcher" value="SUN_STANDARD"/><property name="user.country" value="US"/><property name="sun.cpu.endian" value="little"/><property name="user.home" value="/home/jofla"/><property name="user.language" value="en"/><property name="swoval.tmpdir" value="/home/jofla/.sbt/1.0"/><property name="java.compiler" value="j9jit29"/><property name="com.ibm.util.extralibs.properties" value=""/><property name="java.awt.graphicsenv" value="sun.awt.X11GraphicsEnvironment"/><property name="com.ibm.oti.configuration" value="scar"/><property name="com.ibm.oti.shared.enabled" value="false"/><property name="com.ibm.oti.vm.bootstrap.library.path" value="/home/jofla/.sdkman/candidates/java/11.0.11.j9-adpt/lib/default:/home/jofla/.sdkman/candidates/java/11.0.11.j9-adpt/lib"/><property name="com.ibm.cpu.endian" value="little"/><property name="jline.esc.timeout" value="0"/><property name="path.separator" value=":"/><property name="os.version" value="5.11.0-41-generic"/><property name="jna.nosys" value="true"/><property name="java.runtime.name" value="OpenJDK Runtime Environment"/><property name="ibm.signalhandling.sigint" value="true"/><property name="java.vm.name" value="Eclipse OpenJ9 VM"/><property name="java.vendor.url.bug" value="https://github.com/AdoptOpenJDK/openjdk-support/issues"/><property name="user.dir" value="/home/jofla/Desktop/scala/exploration/know-your-options"/><property name="os.arch" value="amd64"/><property name="java.vm.info" value="JRE 11 Linux amd64-64-Bit Compressed References 20210421_975 (JIT enabled, AOT enabled)
OpenJ9   - b4cc246d9
OMR      - 162e6f729
JCL      - 7796c80419 based on jdk-11.0.11+9"/><property name="java.vm.version" value="openj9-0.26.0"/><property name="com.ibm.jcl.checkClassPath" value=""/><property name="java.class.version" value="55.0"/>
    </properties>
                     <testcase classname="OptionsTest" name="(It is not a test it is a sbt.testing.SuiteSelector)" time="0.008">
                                                 
                                               </testcase><testcase classname="OptionsTest" name="(It is not a test it is a sbt.testing.SuiteSelector)" time="0.001">
                                                 
                                               </testcase><testcase classname="OptionsTest" name="(It is not a test it is a sbt.testing.SuiteSelector)" time="0.001">
                                                 
                                               </testcase><testcase classname="OptionsTest" name="(It is not a test it is a sbt.testing.SuiteSelector)" time="0.001">
                                                 
                                               </testcase><testcase classname="OptionsTest" name="(It is not a test it is a sbt.testing.SuiteSelector)" time="0.001">
                                                 
                                               </testcase><testcase classname="OptionsTest" name="(It is not a test it is a sbt.testing.SuiteSelector)" time="0.0">
                                                 
                                               </testcase><testcase classname="OptionsTest" name="(It is not a test it is a sbt.testing.SuiteSelector)" time="0.001">
                                                 
                                               </testcase><testcase classname="OptionsTest" name="(It is not a test it is a sbt.testing.SuiteSelector)" time="0.001">
                                                 
                                               </testcase>
                     <system-out><![CDATA[]]></system-out>
                     <system-err><![CDATA[]]></system-err>
                   </testsuite>